<?xml version="1.0" encoding="UTF-8"?>
<testng-results skipped="0" failed="0" ignored="0" total="3" passed="3">
  <reporter-output>
  </reporter-output>
  <suite name="Default suite" duration-ms="76" started-at="2021-01-05T02:28:16Z" finished-at="2021-01-05T02:28:16Z">
    <groups>
    </groups>
    <test name="Default test" duration-ms="76" started-at="2021-01-05T02:28:16Z" finished-at="2021-01-05T02:28:16Z">
      <class name="testNG_Examples.DependenciesExample">
        <test-method status="PASS" signature="findAGirlAndFallInLove()[pri:0, instance:testNG_Examples.DependenciesExample@51efea79]" name="findAGirlAndFallInLove" duration-ms="16" started-at="2021-01-05T02:28:16Z" finished-at="2021-01-05T02:28:16Z">
          <reporter-output>
          </reporter-output>
        </test-method> <!-- findAGirlAndFallInLove -->
        <test-method status="PASS" signature="getMarried()[pri:0, instance:testNG_Examples.DependenciesExample@51efea79]" name="getMarried" duration-ms="1" started-at="2021-01-05T02:28:16Z" depends-on-methods="testNG_Examples.DependenciesExample.findAGirlAndFallInLove" finished-at="2021-01-05T02:28:16Z">
          <reporter-output>
          </reporter-output>
        </test-method> <!-- getMarried -->
        <test-method status="PASS" signature="haveKids()[pri:0, instance:testNG_Examples.DependenciesExample@51efea79]" name="haveKids" duration-ms="2" started-at="2021-01-05T02:28:16Z" depends-on-methods="testNG_Examples.DependenciesExample.getMarried" finished-at="2021-01-05T02:28:16Z">
          <reporter-output>
          </reporter-output>
        </test-method> <!-- haveKids -->
      </class> <!-- testNG_Examples.DependenciesExample -->
    </test> <!-- Default test -->
  </suite> <!-- Default suite -->
</testng-results>
